<?xml version="1.0" encoding="UTF-8"?>
<!-- Generated by org.testng.reporters.JUnitReportReporter -->
<testsuite hostname="SROTEM" failures="0" tests="1" name="ecommerceautomation.tests.LoginRequest" time="1.332" errors="0" timestamp="2023-06-28T12:59:15 IDT" skipped="0">
  <testcase classname="ecommerceautomation.tests.LoginRequest" name="testLogin" time="1.332"/>
  <system-out/>
</testsuite> <!-- ecommerceautomation.tests.LoginRequest -->
