<?xml version="1.0" encoding="UTF-8"?>
<!-- Generated by org.testng.reporters.JUnitReportReporter -->
<testsuite hostname="SROTEM" failures="0" tests="1" name="ecommerceautomation.tests.E2EAutomation" time="2.361" errors="0" timestamp="2023-06-28T15:42:27 IDT" skipped="0">
  <testcase classname="ecommerceautomation.tests.E2EAutomation" name="getProductId" time="2.361"/>
  <system-out/>
</testsuite> <!-- ecommerceautomation.tests.E2EAutomation -->
