<?xml version="1.0" encoding="UTF-8"?>
<!-- Generated by org.testng.reporters.JUnitReportReporter -->
<testsuite hostname="SROTEM" failures="0" tests="1" name="ecommerceautomation.tests.E2EAutomation" time="3.433" errors="0" timestamp="2023-06-29T14:51:12 IDT" skipped="0">
  <testcase classname="ecommerceautomation.tests.E2EAutomation" name="e2e" time="3.433"/>
  <system-out/>
</testsuite> <!-- ecommerceautomation.tests.E2EAutomation -->
